This file contains any messages produced by compilers while
running configure, to aid debugging if configure makes a mistake.

It was created by Capn Proto configure 0.5.3, which was
generated by GNU Autoconf 2.69.  Invocation command line was

  $ ./configure 

## --------- ##
## Platform. ##
## --------- ##

hostname = tranvanloc
uname -m = x86_64
uname -r = 16.4.0
uname -s = Darwin
uname -v = Darwin Kernel Version 16.4.0: Thu Dec 22 22:53:21 PST 2016; root:xnu-3789.41.3~3/RELEASE_X86_64

/usr/bin/uname -p = i386
/bin/uname -X     = unknown

/bin/arch              = unknown
/usr/bin/arch -k       = unknown
/usr/convex/getsysinfo = unknown
/usr/bin/hostinfo      = Mach kernel version:
	 Darwin Kernel Version 16.4.0: Thu Dec 22 22:53:21 PST 2016; root:xnu-3789.41.3~3/RELEASE_X86_64
Kernel configured for up to 4 processors.
2 processors are physically available.
4 processors are logically available.
Processor type: x86_64h (Intel x86-64h Haswell)
Processors active: 0 1 2 3
Primary memory available: 8.00 gigabytes
Default processor set: 320 tasks, 1482 threads, 4 processors
Load average: 1.77, Mach factor: 2.21
/bin/machine           = unknown
/usr/bin/oslevel       = unknown
/bin/universe          = unknown

PATH: /usr/local/sbin
PATH: /Users/xuanloctn/Documents/Backup/chromium/src/depot_tools
PATH: /opt/local/bin
PATH: /opt/local/sbin
PATH: /usr/local/bin
PATH: /usr/bin
PATH: /bin
PATH: /usr/sbin
PATH: /sbin
PATH: /Library/Frameworks/Mono.framework/Versions/Current/Commands


## ----------- ##
## Core tests. ##
## ----------- ##

configure:2338: checking for a BSD-compatible install
configure:2406: result: /usr/bin/install -c
configure:2417: checking whether build environment is sane
configure:2472: result: yes
configure:2623: checking for a thread-safe mkdir -p
configure:2662: result: build-aux/install-sh -c -d
configure:2669: checking for gawk
configure:2699: result: no
configure:2669: checking for mawk
configure:2699: result: no
configure:2669: checking for nawk
configure:2699: result: no
configure:2669: checking for awk
configure:2685: found /usr/bin/awk
configure:2696: result: awk
configure:2707: checking whether make sets $(MAKE)
configure:2729: result: yes
configure:2758: checking whether make supports nested variables
configure:2775: result: yes
configure:2864: checking whether UID '501' is supported by ustar format
configure:2867: result: yes
configure:2874: checking whether GID '20' is supported by ustar format
configure:2877: result: yes
configure:2885: checking how to create a ustar tar archive
configure:2896: tar --version
bsdtar 2.8.3 - libarchive 2.8.3
configure:2899: $? = 0
configure:2939: tardir=conftest.dir && eval tar --format=ustar -chf - "$tardir" >conftest.tar
configure:2942: $? = 0
configure:2946: tar -xf - <conftest.tar
configure:2949: $? = 0
configure:2951: cat conftest.dir/file
GrepMe
configure:2954: $? = 0
configure:2967: result: gnutar
configure:3101: checking for gcc
configure:3117: found /usr/bin/gcc
configure:3128: result: gcc
configure:3357: checking for C compiler version
configure:3366: gcc --version >&5
Apple LLVM version 8.0.0 (clang-800.0.42.1)
Target: x86_64-apple-darwin16.4.0
Thread model: posix
InstalledDir: /Applications/Xcode.app/Contents/Developer/Toolchains/XcodeDefault.xctoolchain/usr/bin
Configured with: --prefix=/Applications/Xcode.app/Contents/Developer/usr --with-gxx-include-dir=/usr/include/c++/4.2.1
configure:3377: $? = 0
configure:3366: gcc -v >&5
Configured with: --prefix=/Applications/Xcode.app/Contents/Developer/usr --with-gxx-include-dir=/usr/include/c++/4.2.1
Apple LLVM version 8.0.0 (clang-800.0.42.1)
Target: x86_64-apple-darwin16.4.0
Thread model: posix
InstalledDir: /Applications/Xcode.app/Contents/Developer/Toolchains/XcodeDefault.xctoolchain/usr/bin
configure:3377: $? = 0
configure:3366: gcc -V >&5
clang: error: argument to '-V' is missing (expected 1 value)
clang: error: no input files
configure:3377: $? = 1
configure:3366: gcc -qversion >&5
clang: error: unknown argument: '-qversion'
clang: error: no input files
configure:3377: $? = 1
configure:3397: checking whether the C compiler works
configure:3419: gcc -O2 -DNDEBUG   conftest.c  >&5
configure:3423: $? = 0
configure:3471: result: yes
configure:3474: checking for C compiler default output file name
configure:3476: result: a.out
configure:3482: checking for suffix of executables
configure:3489: gcc -o conftest -O2 -DNDEBUG   conftest.c  >&5
configure:3493: $? = 0
configure:3515: result: 
configure:3537: checking whether we are cross compiling
configure:3545: gcc -o conftest -O2 -DNDEBUG   conftest.c  >&5
configure:3549: $? = 0
configure:3556: ./conftest
configure:3560: $? = 0
configure:3575: result: no
configure:3580: checking for suffix of object files
configure:3602: gcc -c -O2 -DNDEBUG  conftest.c >&5
configure:3606: $? = 0
configure:3627: result: o
configure:3631: checking whether we are using the GNU C compiler
configure:3650: gcc -c -O2 -DNDEBUG  conftest.c >&5
configure:3650: $? = 0
configure:3659: result: yes
configure:3668: checking whether gcc accepts -g
configure:3688: gcc -c -g  conftest.c >&5
configure:3688: $? = 0
configure:3729: result: yes
configure:3746: checking for gcc option to accept ISO C89
configure:3809: gcc  -c -O2 -DNDEBUG  conftest.c >&5
configure:3809: $? = 0
configure:3822: result: none needed
configure:3847: checking whether gcc understands -c and -o together
configure:3869: gcc -c conftest.c -o conftest2.o
configure:3872: $? = 0
configure:3869: gcc -c conftest.c -o conftest2.o
configure:3872: $? = 0
configure:3884: result: yes
configure:3912: checking for style of include used by make
configure:3940: result: GNU
configure:3966: checking dependency style of gcc
configure:4077: result: gcc3
configure:4150: checking for g++
configure:4166: found /usr/bin/g++
configure:4177: result: g++
configure:4204: checking for C++ compiler version
configure:4213: g++ --version >&5
Apple LLVM version 8.0.0 (clang-800.0.42.1)
Target: x86_64-apple-darwin16.4.0
Thread model: posix
InstalledDir: /Applications/Xcode.app/Contents/Developer/Toolchains/XcodeDefault.xctoolchain/usr/bin
Configured with: --prefix=/Applications/Xcode.app/Contents/Developer/usr --with-gxx-include-dir=/usr/include/c++/4.2.1
configure:4224: $? = 0
configure:4213: g++ -v >&5
Configured with: --prefix=/Applications/Xcode.app/Contents/Developer/usr --with-gxx-include-dir=/usr/include/c++/4.2.1
Apple LLVM version 8.0.0 (clang-800.0.42.1)
Target: x86_64-apple-darwin16.4.0
Thread model: posix
InstalledDir: /Applications/Xcode.app/Contents/Developer/Toolchains/XcodeDefault.xctoolchain/usr/bin
configure:4224: $? = 0
configure:4213: g++ -V >&5
clang: error: argument to '-V' is missing (expected 1 value)
clang: error: no input files
configure:4224: $? = 1
configure:4213: g++ -qversion >&5
clang: error: unknown argument: '-qversion'
clang: error: no input files
configure:4224: $? = 1
configure:4228: checking whether we are using the GNU C++ compiler
configure:4247: g++ -c -O2 -DNDEBUG  conftest.cpp >&5
configure:4247: $? = 0
configure:4256: result: yes
configure:4265: checking whether g++ accepts -g
configure:4285: g++ -c -g  conftest.cpp >&5
configure:4285: $? = 0
configure:4326: result: yes
configure:4351: checking dependency style of g++
configure:4462: result: gcc3
configure:4485: checking whether g++ supports C++11 features by default
configure:4530: g++ -c -O2 -DNDEBUG  conftest.cpp >&5
conftest.cpp:15:19: error: expected parameter declarator
    static_assert(sizeof(int) <= sizeof(T), "not big enough");
                  ^
conftest.cpp:15:19: error: expected ')'
conftest.cpp:15:18: note: to match this '('
    static_assert(sizeof(int) <= sizeof(T), "not big enough");
                 ^
conftest.cpp:15:5: error: C++ requires a type specifier for all declarations
    static_assert(sizeof(int) <= sizeof(T), "not big enough");
    ^
conftest.cpp:18:27: error: a space is required between consecutive right angle brackets (use '> >')
  typedef check<check<bool>> right_angle_brackets;
                          ^~
                          > >
conftest.cpp:21:3: error: unknown type name 'decltype'
  decltype(a) b;
  ^
conftest.cpp:21:14: error: expected ';' after top level declarator
  decltype(a) b;
             ^
             ;
conftest.cpp:25:13: warning: rvalue references are a C++11 extension [-Wc++11-extensions]
  check_type&& cr = static_cast<check_type&&>(c);
            ^
conftest.cpp:25:43: warning: rvalue references are a C++11 extension [-Wc++11-extensions]
  check_type&& cr = static_cast<check_type&&>(c);
                                          ^
2 warnings and 6 errors generated.
configure:4530: $? = 1
configure: failed program was:
| /* confdefs.h */
| #define PACKAGE_NAME "Capn Proto"
| #define PACKAGE_TARNAME "capnproto-c++"
| #define PACKAGE_VERSION "0.5.3"
| #define PACKAGE_STRING "Capn Proto 0.5.3"
| #define PACKAGE_BUGREPORT "capnproto@googlegroups.com"
| #define PACKAGE_URL ""
| #define PACKAGE "capnproto-c++"
| #define VERSION "0.5.3"
| /* end confdefs.h.  */
| 
|   template <typename T>
|   struct check
|   {
|     static_assert(sizeof(int) <= sizeof(T), "not big enough");
|   };
| 
|   typedef check<check<bool>> right_angle_brackets;
| 
|   int a;
|   decltype(a) b;
| 
|   typedef check<int> check_type;
|   check_type c;
|   check_type&& cr = static_cast<check_type&&>(c);
| 
|   // GCC 4.7 introduced __float128 and makes reference to it in type_traits.
|   // Clang doesn't implement it, so produces an error.  Using -std=c++11
|   // instead of -std=gnu++11 works around the problem.  But on some
|   // platforms we need -std=gnu++11.  So we want to make sure the test of
|   // -std=gnu++11 fails only where this problem is present, and we hope that
|   // -std=c++11 is always an acceptable fallback in these cases.  Complicating
|   // matters, though, is that we don't want to fail here if the platform is
|   // completely missing a C++11 standard library, because we want to probe that
|   // in a later test.  It happens, though, that Clang allows us to check
|   // whether a header exists at all before we include it.
|   //
|   // So, if we detect that __has_include is available (which it is on Clang),
|   // and we use it to detect that <type_traits> (a C++11 header) exists, then
|   // we go ahead and #include it to see if it breaks.  In all other cases, we
|   // don't #include it at all.
|   #ifdef __has_include
|   #if __has_include(<type_traits>)
|   #include <type_traits>
|   #endif
|   #endif
| 
configure:4537: result: no
configure:4546: checking whether g++ supports C++11 features with -std=gnu++11
configure:4593: g++ -std=gnu++11 -c -O2 -DNDEBUG  conftest.cpp >&5
configure:4593: $? = 0
configure:4602: result: yes
configure:4685: checking whether g++ -std=gnu++11 supports C++11 library features by default
configure:4699: g++ -std=gnu++11 -c -O2 -DNDEBUG  conftest.cpp >&5
configure:4699: $? = 0
configure:4707: result: yes
configure:4756: checking build system type
configure:4770: result: x86_64-apple-darwin16.4.0
configure:4790: checking host system type
configure:4803: result: x86_64-apple-darwin16.4.0
configure:5005: checking for the pthreads library -lpthreads
configure:5038: gcc -o conftest -O2 -DNDEBUG    conftest.c -lpthreads  >&5
conftest.c:16:41: warning: null passed to a callee that requires a non-null argument [-Wnonnull]
                     pthread_attr_init(0); pthread_cleanup_push(0, 0);
                                       ~^
conftest.c:17:44: warning: null passed to a callee that requires a non-null argument [-Wnonnull]
                     pthread_create(0,0,0,0); pthread_cleanup_pop(0);
                                    ~      ^
conftest.c:17:44: warning: null passed to a callee that requires a non-null argument [-Wnonnull]
                     pthread_create(0,0,0,0); pthread_cleanup_pop(0);
                                        ~  ^
3 warnings generated.
ld: library not found for -lpthreads
clang: error: linker command failed with exit code 1 (use -v to see invocation)
configure:5038: $? = 1
configure: failed program was:
| /* confdefs.h */
| #define PACKAGE_NAME "Capn Proto"
| #define PACKAGE_TARNAME "capnproto-c++"
| #define PACKAGE_VERSION "0.5.3"
| #define PACKAGE_STRING "Capn Proto 0.5.3"
| #define PACKAGE_BUGREPORT "capnproto@googlegroups.com"
| #define PACKAGE_URL ""
| #define PACKAGE "capnproto-c++"
| #define VERSION "0.5.3"
| /* end confdefs.h.  */
| #include <pthread.h>
| int
| main ()
| {
| pthread_t th; pthread_join(th, 0);
|                      pthread_attr_init(0); pthread_cleanup_push(0, 0);
|                      pthread_create(0,0,0,0); pthread_cleanup_pop(0);
|   ;
|   return 0;
| }
configure:5047: result: no
configure:4950: checking whether pthreads work without any flags
configure:5038: gcc -o conftest -O2 -DNDEBUG    conftest.c   >&5
conftest.c:16:41: warning: null passed to a callee that requires a non-null argument [-Wnonnull]
                     pthread_attr_init(0); pthread_cleanup_push(0, 0);
                                       ~^
conftest.c:17:44: warning: null passed to a callee that requires a non-null argument [-Wnonnull]
                     pthread_create(0,0,0,0); pthread_cleanup_pop(0);
                                    ~      ^
conftest.c:17:44: warning: null passed to a callee that requires a non-null argument [-Wnonnull]
                     pthread_create(0,0,0,0); pthread_cleanup_pop(0);
                                        ~  ^
3 warnings generated.
configure:5038: $? = 0
configure:5047: result: yes
configure:5066: checking for joinable pthread attribute
configure:5081: gcc -o conftest -O2 -DNDEBUG    conftest.c   >&5
configure:5081: $? = 0
configure:5087: result: PTHREAD_CREATE_JOINABLE
configure:5097: checking if more special flags are required for pthreads
configure:5104: result: -D_THREAD_SAFE
configure:5193: checking whether to check for GCC pthread/shared inconsistencies
configure:5206: gcc -o conftest -shared -fPIC -Wl,-z,defs -O2 -DNDEBUG -D_THREAD_SAFE    conftest.c   >&5
ld: unknown option: -z
clang: error: linker command failed with exit code 1 (use -v to see invocation)
configure:5206: $? = 1
configure: failed program was:
| /* confdefs.h */
| #define PACKAGE_NAME "Capn Proto"
| #define PACKAGE_TARNAME "capnproto-c++"
| #define PACKAGE_VERSION "0.5.3"
| #define PACKAGE_STRING "Capn Proto 0.5.3"
| #define PACKAGE_BUGREPORT "capnproto@googlegroups.com"
| #define PACKAGE_URL ""
| #define PACKAGE "capnproto-c++"
| #define VERSION "0.5.3"
| /* end confdefs.h.  */
| 
| int
| main ()
| {
| 
|   ;
|   return 0;
| }
configure:5215: result: no
configure:5354: checking whether pthread flag is sufficient with -nostdlib
configure:5369: gcc -o conftest -O2 -DNDEBUG -D_THREAD_SAFE    conftest.c -nostdlib   -lc >&5
conftest.c:16:41: warning: null passed to a callee that requires a non-null argument [-Wnonnull]
                     pthread_attr_init(0); pthread_cleanup_push(0, 0);
                                       ~^
conftest.c:17:44: warning: null passed to a callee that requires a non-null argument [-Wnonnull]
                     pthread_create(0,0,0,0); pthread_cleanup_pop(0);
                                    ~      ^
conftest.c:17:44: warning: null passed to a callee that requires a non-null argument [-Wnonnull]
                     pthread_create(0,0,0,0); pthread_cleanup_pop(0);
                                        ~  ^
3 warnings generated.
configure:5369: $? = 0
configure:5370: result: yes
configure:5488: checking how to print strings
configure:5515: result: printf
configure:5536: checking for a sed that does not truncate output
configure:5600: result: /usr/bin/sed
configure:5618: checking for grep that handles long lines and -e
configure:5676: result: /usr/bin/grep
configure:5681: checking for egrep
configure:5743: result: /usr/bin/grep -E
configure:5748: checking for fgrep
configure:5810: result: /usr/bin/grep -F
configure:5845: checking for ld used by gcc
configure:5912: result: /Applications/Xcode.app/Contents/Developer/Toolchains/XcodeDefault.xctoolchain/usr/bin/ld
configure:5919: checking if the linker (/Applications/Xcode.app/Contents/Developer/Toolchains/XcodeDefault.xctoolchain/usr/bin/ld) is GNU ld
configure:5934: result: no
configure:5946: checking for BSD- or MS-compatible name lister (nm)
configure:5995: result: /usr/bin/nm -B
configure:6125: checking the name lister (/usr/bin/nm -B) interface
configure:6132: g++ -std=gnu++11 -c -O2 -DNDEBUG  conftest.cpp >&5
configure:6135: /usr/bin/nm -B "conftest.o"
configure:6138: output
0000000000000000 S _some_variable
configure:6145: result: BSD nm
configure:6148: checking whether ln -s works
configure:6152: result: yes
configure:6160: checking the maximum length of command line arguments
configure:6291: result: 196608
configure:6308: checking whether the shell understands some XSI constructs
configure:6318: result: yes
configure:6322: checking whether the shell understands "+="
configure:6328: result: yes
configure:6363: checking how to convert x86_64-apple-darwin16.4.0 file names to x86_64-apple-darwin16.4.0 format
configure:6403: result: func_convert_file_noop
configure:6410: checking how to convert x86_64-apple-darwin16.4.0 file names to toolchain format
configure:6430: result: func_convert_file_noop
configure:6437: checking for /Applications/Xcode.app/Contents/Developer/Toolchains/XcodeDefault.xctoolchain/usr/bin/ld option to reload object files
configure:6444: result: -r
configure:6518: checking for objdump
configure:6534: found /usr/bin/objdump
configure:6545: result: objdump
configure:6577: checking how to recognize dependent libraries
configure:6775: result: pass_all
configure:6860: checking for dlltool
configure:6890: result: no
configure:6920: checking how to associate runtime and link libraries
configure:6947: result: printf %s\n
configure:7007: checking for ar
configure:7023: found /usr/bin/ar
configure:7034: result: ar
configure:7071: checking for archiver @FILE support
configure:7088: g++ -std=gnu++11 -c -O2 -DNDEBUG  conftest.cpp >&5
configure:7088: $? = 0
configure:7091: ar cru libconftest.a @conftest.lst >&5
ar: @conftest.lst: No such file or directory
configure:7094: $? = 1
configure:7114: result: no
configure:7172: checking for strip
configure:7188: found /usr/bin/strip
configure:7199: result: strip
configure:7271: checking for ranlib
configure:7287: found /usr/bin/ranlib
configure:7298: result: ranlib
configure:7400: checking command to parse /usr/bin/nm -B output from gcc object
configure:7520: g++ -std=gnu++11 -c -O2 -DNDEBUG  conftest.cpp >&5
configure:7523: $? = 0
configure:7527: /usr/bin/nm -B conftest.o \| sed -n -e 's/^.*[ ]\([BCDEGRST][BCDEGRST]*\)[ ][ ]*\([_A-Za-z][_A-Za-z0-9]*\)$/\1 \2 \2/p' | sed '/ __gnu_lto/d' \> conftest.nm
configure:7530: $? = 0
cannot find nm_test_var in conftest.nm
configure:7520: g++ -std=gnu++11 -c -O2 -DNDEBUG  conftest.cpp >&5
configure:7523: $? = 0
configure:7527: /usr/bin/nm -B conftest.o \| sed -n -e 's/^.*[ ]\([BCDEGRST][BCDEGRST]*\)[ ][ ]*_\([_A-Za-z][_A-Za-z0-9]*\)$/\1 _\2 \2/p' | sed '/ __gnu_lto/d' \> conftest.nm
configure:7530: $? = 0
configure:7596: g++ -std=gnu++11 -o conftest -O2 -DNDEBUG   conftest.cpp conftstm.o >&5
configure:7599: $? = 0
configure:7637: result: ok
configure:7674: checking for sysroot
configure:7704: result: no
configure:7973: checking for mt
configure:8003: result: no
configure:8023: checking if : is a manifest tool
configure:8029: : '-?'
configure:8037: result: no
configure:8093: checking for dsymutil
configure:8109: found /usr/bin/dsymutil
configure:8120: result: dsymutil
configure:8185: checking for nmedit
configure:8201: found /usr/bin/nmedit
configure:8212: result: nmedit
configure:8277: checking for lipo
configure:8293: found /usr/bin/lipo
configure:8304: result: lipo
configure:8369: checking for otool
configure:8385: found /usr/bin/otool
configure:8396: result: otool
configure:8461: checking for otool64
configure:8491: result: no
configure:8536: checking for -single_module linker flag
gcc -O2 -DNDEBUG  -o libconftest.dylib -dynamiclib -Wl,-single_module conftest.c
configure:8569: result: yes
configure:8572: checking for -exported_symbols_list linker flag
configure:8592: g++ -std=gnu++11 -o conftest -O2 -DNDEBUG   -Wl,-exported_symbols_list,conftest.sym conftest.cpp  >&5
configure:8592: $? = 0
configure:8602: result: yes
configure:8605: checking for -force_load linker flag
gcc -O2 -DNDEBUG -c -o conftest.o conftest.c
ar cru libconftest.a conftest.o
ranlib libconftest.a
gcc -O2 -DNDEBUG  -o conftest conftest.c -Wl,-force_load,./libconftest.a
configure:8637: result: yes
configure:8679: checking how to run the C preprocessor
configure:8710: gcc -E  conftest.c
configure:8710: $? = 0
configure:8724: gcc -E  conftest.c
conftest.c:12:10: fatal error: 'ac_nonexistent.h' file not found
#include <ac_nonexistent.h>
         ^
1 error generated.
configure:8724: $? = 1
configure: failed program was:
| /* confdefs.h */
| #define PACKAGE_NAME "Capn Proto"
| #define PACKAGE_TARNAME "capnproto-c++"
| #define PACKAGE_VERSION "0.5.3"
| #define PACKAGE_STRING "Capn Proto 0.5.3"
| #define PACKAGE_BUGREPORT "capnproto@googlegroups.com"
| #define PACKAGE_URL ""
| #define PACKAGE "capnproto-c++"
| #define VERSION "0.5.3"
| #define HAVE_PTHREAD 1
| /* end confdefs.h.  */
| #include <ac_nonexistent.h>
configure:8749: result: gcc -E
configure:8769: gcc -E  conftest.c
configure:8769: $? = 0
configure:8783: gcc -E  conftest.c
conftest.c:12:10: fatal error: 'ac_nonexistent.h' file not found
#include <ac_nonexistent.h>
         ^
1 error generated.
configure:8783: $? = 1
configure: failed program was:
| /* confdefs.h */
| #define PACKAGE_NAME "Capn Proto"
| #define PACKAGE_TARNAME "capnproto-c++"
| #define PACKAGE_VERSION "0.5.3"
| #define PACKAGE_STRING "Capn Proto 0.5.3"
| #define PACKAGE_BUGREPORT "capnproto@googlegroups.com"
| #define PACKAGE_URL ""
| #define PACKAGE "capnproto-c++"
| #define VERSION "0.5.3"
| #define HAVE_PTHREAD 1
| /* end confdefs.h.  */
| #include <ac_nonexistent.h>
configure:8812: checking for ANSI C header files
configure:8832: gcc -c -O2 -DNDEBUG  conftest.c >&5
configure:8832: $? = 0
configure:8905: gcc -o conftest -O2 -DNDEBUG   conftest.c  >&5
configure:8905: $? = 0
configure:8905: ./conftest
configure:8905: $? = 0
configure:8916: result: yes
configure:8929: checking for sys/types.h
configure:8929: gcc -c -O2 -DNDEBUG  conftest.c >&5
configure:8929: $? = 0
configure:8929: result: yes
configure:8929: checking for sys/stat.h
configure:8929: gcc -c -O2 -DNDEBUG  conftest.c >&5
configure:8929: $? = 0
configure:8929: result: yes
configure:8929: checking for stdlib.h
configure:8929: gcc -c -O2 -DNDEBUG  conftest.c >&5
configure:8929: $? = 0
configure:8929: result: yes
configure:8929: checking for string.h
configure:8929: gcc -c -O2 -DNDEBUG  conftest.c >&5
configure:8929: $? = 0
configure:8929: result: yes
configure:8929: checking for memory.h
configure:8929: gcc -c -O2 -DNDEBUG  conftest.c >&5
configure:8929: $? = 0
configure:8929: result: yes
configure:8929: checking for strings.h
configure:8929: gcc -c -O2 -DNDEBUG  conftest.c >&5
configure:8929: $? = 0
configure:8929: result: yes
configure:8929: checking for inttypes.h
configure:8929: gcc -c -O2 -DNDEBUG  conftest.c >&5
configure:8929: $? = 0
configure:8929: result: yes
configure:8929: checking for stdint.h
configure:8929: gcc -c -O2 -DNDEBUG  conftest.c >&5
configure:8929: $? = 0
configure:8929: result: yes
configure:8929: checking for unistd.h
configure:8929: gcc -c -O2 -DNDEBUG  conftest.c >&5
configure:8929: $? = 0
configure:8929: result: yes
configure:8943: checking for dlfcn.h
configure:8943: gcc -c -O2 -DNDEBUG  conftest.c >&5
configure:8943: $? = 0
configure:8943: result: yes
configure:9159: checking for objdir
configure:9174: result: .libs
configure:9445: checking if gcc supports -fno-rtti -fno-exceptions
configure:9463: gcc -c -O2 -DNDEBUG  -fno-rtti -fno-exceptions conftest.c >&5
configure:9467: $? = 0
configure:9480: result: yes
configure:9807: checking for gcc option to produce PIC
configure:9814: result: -fno-common -DPIC
configure:9822: checking if gcc PIC flag -fno-common -DPIC works
configure:9840: gcc -c -O2 -DNDEBUG  -fno-common -DPIC -DPIC conftest.c >&5
configure:9844: $? = 0
configure:9857: result: yes
configure:9886: checking if gcc static flag -static works
configure:9914: result: no
configure:9929: checking if gcc supports -c -o file.o
configure:9950: gcc -c -O2 -DNDEBUG  -o out/conftest2.o conftest.c >&5
configure:9954: $? = 0
configure:9976: result: yes
configure:9984: checking if gcc supports -c -o file.o
configure:10031: result: yes
configure:10064: checking whether the gcc linker (/Applications/Xcode.app/Contents/Developer/Toolchains/XcodeDefault.xctoolchain/usr/bin/ld) supports shared libraries
configure:11221: result: yes
configure:11461: checking dynamic linker characteristics
configure:12195: result: darwin16.4.0 dyld
configure:12302: checking how to hardcode library paths into programs
configure:12327: result: immediate
configure:12867: checking whether stripping libraries is possible
configure:12881: result: yes
configure:12907: checking if libtool supports shared libraries
configure:12909: result: yes
configure:12912: checking whether to build shared libraries
configure:12933: result: yes
configure:12936: checking whether to build static libraries
configure:12940: result: yes
configure:12963: checking how to run the C++ preprocessor
configure:12990: g++ -std=gnu++11 -E  conftest.cpp
configure:12990: $? = 0
configure:13004: g++ -std=gnu++11 -E  conftest.cpp
conftest.cpp:24:10: fatal error: 'ac_nonexistent.h' file not found
#include <ac_nonexistent.h>
         ^
1 error generated.
configure:13004: $? = 1
configure: failed program was:
| /* confdefs.h */
| #define PACKAGE_NAME "Capn Proto"
| #define PACKAGE_TARNAME "capnproto-c++"
| #define PACKAGE_VERSION "0.5.3"
| #define PACKAGE_STRING "Capn Proto 0.5.3"
| #define PACKAGE_BUGREPORT "capnproto@googlegroups.com"
| #define PACKAGE_URL ""
| #define PACKAGE "capnproto-c++"
| #define VERSION "0.5.3"
| #define HAVE_PTHREAD 1
| #define STDC_HEADERS 1
| #define HAVE_SYS_TYPES_H 1
| #define HAVE_SYS_STAT_H 1
| #define HAVE_STDLIB_H 1
| #define HAVE_STRING_H 1
| #define HAVE_MEMORY_H 1
| #define HAVE_STRINGS_H 1
| #define HAVE_INTTYPES_H 1
| #define HAVE_STDINT_H 1
| #define HAVE_UNISTD_H 1
| #define HAVE_DLFCN_H 1
| #define LT_OBJDIR ".libs/"
| /* end confdefs.h.  */
| #include <ac_nonexistent.h>
configure:13029: result: g++ -std=gnu++11 -E
configure:13049: g++ -std=gnu++11 -E  conftest.cpp
configure:13049: $? = 0
configure:13063: g++ -std=gnu++11 -E  conftest.cpp
conftest.cpp:24:10: fatal error: 'ac_nonexistent.h' file not found
#include <ac_nonexistent.h>
         ^
1 error generated.
configure:13063: $? = 1
configure: failed program was:
| /* confdefs.h */
| #define PACKAGE_NAME "Capn Proto"
| #define PACKAGE_TARNAME "capnproto-c++"
| #define PACKAGE_VERSION "0.5.3"
| #define PACKAGE_STRING "Capn Proto 0.5.3"
| #define PACKAGE_BUGREPORT "capnproto@googlegroups.com"
| #define PACKAGE_URL ""
| #define PACKAGE "capnproto-c++"
| #define VERSION "0.5.3"
| #define HAVE_PTHREAD 1
| #define STDC_HEADERS 1
| #define HAVE_SYS_TYPES_H 1
| #define HAVE_SYS_STAT_H 1
| #define HAVE_STDLIB_H 1
| #define HAVE_STRING_H 1
| #define HAVE_MEMORY_H 1
| #define HAVE_STRINGS_H 1
| #define HAVE_INTTYPES_H 1
| #define HAVE_STDINT_H 1
| #define HAVE_UNISTD_H 1
| #define HAVE_DLFCN_H 1
| #define LT_OBJDIR ".libs/"
| /* end confdefs.h.  */
| #include <ac_nonexistent.h>
configure:13232: checking for ld used by g++ -std=gnu++11
configure:13299: result: /Applications/Xcode.app/Contents/Developer/Toolchains/XcodeDefault.xctoolchain/usr/bin/ld
configure:13306: checking if the linker (/Applications/Xcode.app/Contents/Developer/Toolchains/XcodeDefault.xctoolchain/usr/bin/ld) is GNU ld
configure:13321: result: no
configure:13376: checking whether the g++ -std=gnu++11 linker (/Applications/Xcode.app/Contents/Developer/Toolchains/XcodeDefault.xctoolchain/usr/bin/ld) supports shared libraries
configure:14378: result: yes
configure:14414: g++ -std=gnu++11 -c -O2 -DNDEBUG  conftest.cpp >&5
configure:14417: $? = 0
configure:14937: checking for g++ -std=gnu++11 option to produce PIC
configure:14944: result: -fno-common -DPIC
configure:14952: checking if g++ -std=gnu++11 PIC flag -fno-common -DPIC works
configure:14970: g++ -std=gnu++11 -c -O2 -DNDEBUG  -fno-common -DPIC -DPIC conftest.cpp >&5
configure:14974: $? = 0
configure:14987: result: yes
configure:15010: checking if g++ -std=gnu++11 static flag -static works
configure:15038: result: no
configure:15050: checking if g++ -std=gnu++11 supports -c -o file.o
configure:15071: g++ -std=gnu++11 -c -O2 -DNDEBUG  -o out/conftest2.o conftest.cpp >&5
configure:15075: $? = 0
configure:15097: result: yes
configure:15102: checking if g++ -std=gnu++11 supports -c -o file.o
configure:15149: result: yes
configure:15179: checking whether the g++ -std=gnu++11 linker (/Applications/Xcode.app/Contents/Developer/Toolchains/XcodeDefault.xctoolchain/usr/bin/ld) supports shared libraries
configure:15218: result: yes
configure:15359: checking dynamic linker characteristics
configure:16027: result: darwin16.4.0 dyld
configure:16080: checking how to hardcode library paths into programs
configure:16105: result: immediate
configure:16222: checking for library containing sched_yield
configure:16253: g++ -std=gnu++11 -o conftest -O2 -DNDEBUG   conftest.cpp  >&5
configure:16253: $? = 0
configure:16270: result: none required
configure:16406: checking that generated files are newer than configure
configure:16412: result: done
configure:16447: creating ./config.status

## ---------------------- ##
## Running config.status. ##
## ---------------------- ##

This file was extended by Capn Proto config.status 0.5.3, which was
generated by GNU Autoconf 2.69.  Invocation command line was

  CONFIG_FILES    = 
  CONFIG_HEADERS  = 
  CONFIG_LINKS    = 
  CONFIG_COMMANDS = 
  $ ./config.status 

on tranvanloc

config.status:1156: creating Makefile
config.status:1156: creating capnp.pc
config.status:1156: creating capnp-rpc.pc
config.status:1156: creating config.h
config.status:1385: executing depfiles commands
config.status:1385: executing libtool commands
configure:19004: === configuring in gtest (/Users/xuanloctn/Downloads/textmate/capnproto-c++-0.5.3/gtest)
configure:19067: running /bin/sh ./configure --disable-option-checking '--prefix=/usr/local'  'CXX=g++ -std=gnu++11' --cache-file=/dev/null --srcdir=.

## ---------------- ##
## Cache variables. ##
## ---------------- ##

ac_cv_build=x86_64-apple-darwin16.4.0
ac_cv_c_compiler_gnu=yes
ac_cv_cxx_compiler_gnu=yes
ac_cv_env_CCC_set=
ac_cv_env_CCC_value=
ac_cv_env_CC_set=
ac_cv_env_CC_value=
ac_cv_env_CFLAGS_set=
ac_cv_env_CFLAGS_value=
ac_cv_env_CPPFLAGS_set=
ac_cv_env_CPPFLAGS_value=
ac_cv_env_CPP_set=
ac_cv_env_CPP_value=
ac_cv_env_CXXCPP_set=
ac_cv_env_CXXCPP_value=
ac_cv_env_CXXFLAGS_set=
ac_cv_env_CXXFLAGS_value=
ac_cv_env_CXX_set=
ac_cv_env_CXX_value=
ac_cv_env_LDFLAGS_set=
ac_cv_env_LDFLAGS_value=
ac_cv_env_LIBS_set=
ac_cv_env_LIBS_value=
ac_cv_env_build_alias_set=
ac_cv_env_build_alias_value=
ac_cv_env_host_alias_set=
ac_cv_env_host_alias_value=
ac_cv_env_target_alias_set=
ac_cv_env_target_alias_value=
ac_cv_header_dlfcn_h=yes
ac_cv_header_inttypes_h=yes
ac_cv_header_memory_h=yes
ac_cv_header_stdc=yes
ac_cv_header_stdint_h=yes
ac_cv_header_stdlib_h=yes
ac_cv_header_string_h=yes
ac_cv_header_strings_h=yes
ac_cv_header_sys_stat_h=yes
ac_cv_header_sys_types_h=yes
ac_cv_header_unistd_h=yes
ac_cv_host=x86_64-apple-darwin16.4.0
ac_cv_objext=o
ac_cv_path_EGREP='/usr/bin/grep -E'
ac_cv_path_FGREP='/usr/bin/grep -F'
ac_cv_path_GREP=/usr/bin/grep
ac_cv_path_SED=/usr/bin/sed
ac_cv_path_install='/usr/bin/install -c'
ac_cv_prog_AWK=awk
ac_cv_prog_CPP='gcc -E'
ac_cv_prog_CXXCPP='g++ -std=gnu++11 -E'
ac_cv_prog_ac_ct_AR=ar
ac_cv_prog_ac_ct_CC=gcc
ac_cv_prog_ac_ct_CXX=g++
ac_cv_prog_ac_ct_DSYMUTIL=dsymutil
ac_cv_prog_ac_ct_LIPO=lipo
ac_cv_prog_ac_ct_NMEDIT=nmedit
ac_cv_prog_ac_ct_OBJDUMP=objdump
ac_cv_prog_ac_ct_OTOOL=otool
ac_cv_prog_ac_ct_RANLIB=ranlib
ac_cv_prog_ac_ct_STRIP=strip
ac_cv_prog_cc_c89=
ac_cv_prog_cc_g=yes
ac_cv_prog_cxx_g=yes
ac_cv_prog_make_make_set=yes
ac_cv_search_sched_yield='none required'
am_cv_CC_dependencies_compiler_type=gcc3
am_cv_CXX_dependencies_compiler_type=gcc3
am_cv_make_support_nested_variables=yes
am_cv_prog_cc_c_o=yes
am_cv_prog_tar_ustar=gnutar
ax_cv_cxx_compile_cxx11=no
ax_cv_cxx_compile_cxx11__std_gnupp11=yes
ax_cv_cxx_compile_cxx11_lib=yes
lt_cv_apple_cc_single_mod=yes
lt_cv_ar_at_file=no
lt_cv_deplibs_check_method=pass_all
lt_cv_file_magic_cmd='$MAGIC_CMD'
lt_cv_file_magic_test_file=
lt_cv_ld_exported_symbols_list=yes
lt_cv_ld_force_load=yes
lt_cv_ld_reload_flag=-r
lt_cv_nm_interface='BSD nm'
lt_cv_objdir=.libs
lt_cv_path_LD=/Applications/Xcode.app/Contents/Developer/Toolchains/XcodeDefault.xctoolchain/usr/bin/ld
lt_cv_path_LDCXX=/Applications/Xcode.app/Contents/Developer/Toolchains/XcodeDefault.xctoolchain/usr/bin/ld
lt_cv_path_NM='/usr/bin/nm -B'
lt_cv_path_mainfest_tool=no
lt_cv_prog_compiler_c_o=yes
lt_cv_prog_compiler_c_o_CXX=yes
lt_cv_prog_compiler_pic='-fno-common -DPIC'
lt_cv_prog_compiler_pic_CXX='-fno-common -DPIC'
lt_cv_prog_compiler_pic_works=yes
lt_cv_prog_compiler_pic_works_CXX=yes
lt_cv_prog_compiler_rtti_exceptions=yes
lt_cv_prog_compiler_static_works=no
lt_cv_prog_compiler_static_works_CXX=no
lt_cv_prog_gnu_ld=no
lt_cv_prog_gnu_ldcxx=no
lt_cv_sharedlib_from_linklib_cmd='printf %s\n'
lt_cv_sys_global_symbol_pipe='sed -n -e '\''s/^.*[	 ]\([BCDEGRST][BCDEGRST]*\)[	 ][	 ]*_\([_A-Za-z][_A-Za-z0-9]*\)$/\1 _\2 \2/p'\'' | sed '\''/ __gnu_lto/d'\'''
lt_cv_sys_global_symbol_to_c_name_address='sed -n -e '\''s/^: \([^ ]*\)[ ]*$/  {\"\1\", (void *) 0},/p'\'' -e '\''s/^[BCDEGRST]* \([^ ]*\) \([^ ]*\)$/  {"\2", (void *) \&\2},/p'\'''
lt_cv_sys_global_symbol_to_c_name_address_lib_prefix='sed -n -e '\''s/^: \([^ ]*\)[ ]*$/  {\"\1\", (void *) 0},/p'\'' -e '\''s/^[BCDEGRST]* \([^ ]*\) \(lib[^ ]*\)$/  {"\2", (void *) \&\2},/p'\'' -e '\''s/^[BCDEGRST]* \([^ ]*\) \([^ ]*\)$/  {"lib\2", (void *) \&\2},/p'\'''
lt_cv_sys_global_symbol_to_cdecl='sed -n -e '\''s/^T .* \(.*\)$/extern int \1();/p'\'' -e '\''s/^[BCDEGRST]* .* \(.*\)$/extern char \1;/p'\'''
lt_cv_sys_max_cmd_len=196608
lt_cv_to_host_file_cmd=func_convert_file_noop
lt_cv_to_tool_file_cmd=func_convert_file_noop

## ----------------- ##
## Output variables. ##
## ----------------- ##

ACLOCAL='${SHELL} /Users/xuanloctn/Downloads/textmate/capnproto-c++-0.5.3/build-aux/missing aclocal-1.14'
AMDEPBACKSLASH='\'
AMDEP_FALSE='#'
AMDEP_TRUE=''
AMTAR='$${TAR-tar}'
AM_BACKSLASH='\'
AM_DEFAULT_V='$(AM_DEFAULT_VERBOSITY)'
AM_DEFAULT_VERBOSITY='1'
AM_V='$(V)'
AR='ar'
AUTOCONF='${SHELL} /Users/xuanloctn/Downloads/textmate/capnproto-c++-0.5.3/build-aux/missing autoconf'
AUTOHEADER='${SHELL} /Users/xuanloctn/Downloads/textmate/capnproto-c++-0.5.3/build-aux/missing autoheader'
AUTOMAKE='${SHELL} /Users/xuanloctn/Downloads/textmate/capnproto-c++-0.5.3/build-aux/missing automake-1.14'
AWK='awk'
CAPNP=''
CAPNPC_CXX=''
CAPNP_LITE_FLAG=''
CC='gcc'
CCDEPMODE='depmode=gcc3'
CFLAGS='-O2 -DNDEBUG'
CPP='gcc -E'
CPPFLAGS=''
CXX='g++ -std=gnu++11'
CXXCPP='g++ -std=gnu++11 -E'
CXXDEPMODE='depmode=gcc3'
CXXFLAGS='-O2 -DNDEBUG -D_THREAD_SAFE '
CYGPATH_W='echo'
DEFS='-DHAVE_CONFIG_H'
DEPDIR='.deps'
DLLTOOL='false'
DSYMUTIL='dsymutil'
DUMPBIN=''
ECHO_C='\c'
ECHO_N=''
ECHO_T=''
EGREP='/usr/bin/grep -E'
EXEEXT=''
FGREP='/usr/bin/grep -F'
GREP='/usr/bin/grep'
INSTALL_DATA='${INSTALL} -m 644'
INSTALL_PROGRAM='${INSTALL}'
INSTALL_SCRIPT='${INSTALL}'
INSTALL_STRIP_PROGRAM='$(install_sh) -c -s'
LD='/Applications/Xcode.app/Contents/Developer/Toolchains/XcodeDefault.xctoolchain/usr/bin/ld'
LDFLAGS=''
LIBOBJS=''
LIBS=' '
LIBTOOL='$(SHELL) $(top_builddir)/libtool'
LIPO='lipo'
LITE_MODE_FALSE=''
LITE_MODE_TRUE='#'
LN_S='ln -s'
LTLIBOBJS=''
MAKEINFO='${SHELL} /Users/xuanloctn/Downloads/textmate/capnproto-c++-0.5.3/build-aux/missing makeinfo'
MANIFEST_TOOL=':'
MKDIR_P='build-aux/install-sh -c -d'
NM='/usr/bin/nm -B'
NMEDIT='nmedit'
OBJDUMP='objdump'
OBJEXT='o'
OTOOL64=':'
OTOOL='otool'
PACKAGE='capnproto-c++'
PACKAGE_BUGREPORT='capnproto@googlegroups.com'
PACKAGE_NAME='Capn Proto'
PACKAGE_STRING='Capn Proto 0.5.3'
PACKAGE_TARNAME='capnproto-c++'
PACKAGE_URL=''
PACKAGE_VERSION='0.5.3'
PATH_SEPARATOR=':'
PTHREAD_CC='gcc'
PTHREAD_CFLAGS='-D_THREAD_SAFE '
PTHREAD_LIBS=''
RANLIB='ranlib'
SED='/usr/bin/sed'
SET_MAKE=''
SHELL='/bin/sh'
STDLIB_FLAG=''
STRIP='strip'
USE_EXTERNAL_CAPNP_FALSE=''
USE_EXTERNAL_CAPNP_TRUE='#'
VERSION='0.5.3'
ac_ct_AR='ar'
ac_ct_CC='gcc'
ac_ct_CXX='g++'
ac_ct_DUMPBIN=''
acx_pthread_config=''
am__EXEEXT_FALSE=''
am__EXEEXT_TRUE='#'
am__fastdepCC_FALSE='#'
am__fastdepCC_TRUE=''
am__fastdepCXX_FALSE='#'
am__fastdepCXX_TRUE=''
am__include='include'
am__isrc=''
am__leading_dot='.'
am__nodep='_no'
am__quote=''
am__tar='tar --format=ustar -chf - "$$tardir"'
am__untar='tar -xf -'
bindir='${exec_prefix}/bin'
build='x86_64-apple-darwin16.4.0'
build_alias=''
build_cpu='x86_64'
build_os='darwin16.4.0'
build_vendor='apple'
datadir='${datarootdir}'
datarootdir='${prefix}/share'
docdir='${datarootdir}/doc/${PACKAGE_TARNAME}'
dvidir='${docdir}'
exec_prefix='${prefix}'
host='x86_64-apple-darwin16.4.0'
host_alias=''
host_cpu='x86_64'
host_os='darwin16.4.0'
host_vendor='apple'
htmldir='${docdir}'
includedir='${prefix}/include'
infodir='${datarootdir}/info'
install_sh='${SHELL} /Users/xuanloctn/Downloads/textmate/capnproto-c++-0.5.3/build-aux/install-sh'
libdir='${exec_prefix}/lib'
libexecdir='${exec_prefix}/libexec'
localedir='${datarootdir}/locale'
localstatedir='${prefix}/var'
mandir='${datarootdir}/man'
mkdir_p='$(MKDIR_P)'
oldincludedir='/usr/include'
pdfdir='${docdir}'
prefix='/usr/local'
program_transform_name='s,x,x,'
psdir='${docdir}'
sbindir='${exec_prefix}/sbin'
sharedstatedir='${prefix}/com'
subdirs=' gtest'
sysconfdir='${prefix}/etc'
target_alias=''

## ----------- ##
## confdefs.h. ##
## ----------- ##

/* confdefs.h */
#define PACKAGE_NAME "Capn Proto"
#define PACKAGE_TARNAME "capnproto-c++"
#define PACKAGE_VERSION "0.5.3"
#define PACKAGE_STRING "Capn Proto 0.5.3"
#define PACKAGE_BUGREPORT "capnproto@googlegroups.com"
#define PACKAGE_URL ""
#define PACKAGE "capnproto-c++"
#define VERSION "0.5.3"
#define HAVE_PTHREAD 1
#define STDC_HEADERS 1
#define HAVE_SYS_TYPES_H 1
#define HAVE_SYS_STAT_H 1
#define HAVE_STDLIB_H 1
#define HAVE_STRING_H 1
#define HAVE_MEMORY_H 1
#define HAVE_STRINGS_H 1
#define HAVE_INTTYPES_H 1
#define HAVE_STDINT_H 1
#define HAVE_UNISTD_H 1
#define HAVE_DLFCN_H 1
#define LT_OBJDIR ".libs/"

configure: exit 0
